3890  1588545409.760761 execve("/usr/bin/dig", ["dig", "google.com"], 0x7ffd914f21f0 /* 54 vars */) = 0 <0.000141>
3890  1588545409.761188 brk(NULL)       = 0x55bbbef14000 <0.000008>
3890  1588545409.761258 access("/etc/ld.so.nohwcap", F_OK) = -1 ENOENT (No such file or directory) <0.000011>
3890  1588545409.761300 access("/etc/ld.so.preload", R_OK) = -1 ENOENT (No such file or directory) <0.000008>
3890  1588545409.761330 openat(AT_FDCWD, "/etc/ld.so.cache", O_RDONLY|O_CLOEXEC) = 3 <0.000010>
3890  1588545409.761362 fstat(3, {st_mode=S_IFREG|0644, st_size=80607, ...}) = 0 <0.000006>
3890  1588545409.761391 mmap(NULL, 80607, PROT_READ, MAP_PRIVATE, 3, 0) = 0x7fe69b22a000 <0.000009>
3890  1588545409.761418 close(3)        = 0 <0.000006>
3890  1588545409.761445 access("/etc/ld.so.nohwcap", F_OK) = -1 ENOENT (No such file or directory) <0.000008>
3890  1588545409.761477 openat(AT_FDCWD, "/usr/lib/x86_64-linux-gnu/libdns.so.1100", O_RDONLY|O_CLOEXEC) = 3 <0.000017>
3890  1588545409.761514 read(3, "\177ELF\2\1\1\0\0\0\0\0\0\0\0\0\3\0>\0\1\0\0\0P\207\2\0\0\0\0\0"..., 832) = 832 <0.000008>
3890  1588545409.761543 fstat(3, {st_mode=S_IFREG|0644, st_size=2281776, ...}) = 0 <0.000007>
3890  1588545409.761568 mmap(NULL, 8192, PROT_READ|PROT_WRITE, MAP_PRIVATE|MAP_ANONYMOUS, -1, 0) = 0x7fe69b228000 <0.000008>
3890  1588545409.761598 mmap(NULL, 4380624, PROT_READ|PROT_EXEC, MAP_PRIVATE|MAP_DENYWRITE, 3, 0) = 0x7fe69abe9000 <0.000008>
3890  1588545409.761624 mprotect(0x7fe69ae0f000, 2093056, PROT_NONE) = 0 <0.000010>
3890  1588545409.761650 mmap(0x7fe69b00e000, 32768, PROT_READ|PROT_WRITE, MAP_PRIVATE|MAP_FIXED|MAP_DENYWRITE, 3, 0x225000) = 0x7fe69b00e000 <0.000011>
3890  1588545409.761684 mmap(0x7fe69b016000, 2000, PROT_READ|PROT_WRITE, MAP_PRIVATE|MAP_FIXED|MAP_ANONYMOUS, -1, 0) = 0x7fe69b016000 <0.000009>
3890  1588545409.761720 close(3)        = 0 <0.000006>
3890  1588545409.761752 access("/etc/ld.so.nohwcap", F_OK) = -1 ENOENT (No such file or directory) <0.000010>
3890  1588545409.761784 openat(AT_FDCWD, "/usr/lib/x86_64-linux-gnu/liblwres.so.160", O_RDONLY|O_CLOEXEC) = 3 <0.000012>
3890  1588545409.761815 read(3, "\177ELF\2\1\1\0\0\0\0\0\0\0\0\0\3\0>\0\1\0\0\0 +\0\0\0\0\0\0"..., 832) = 832 <0.000008>
3890  1588545409.761842 fstat(3, {st_mode=S_IFREG|0644, st_size=75736, ...}) = 0 <0.000007>
3890  1588545409.761868 mmap(NULL, 2170960, PROT_READ|PROT_EXEC, MAP_PRIVATE|MAP_DENYWRITE, 3, 0) = 0x7fe69a9d6000 <0.000009>
3890  1588545409.761893 mprotect(0x7fe69a9e8000, 2093056, PROT_NONE) = 0 <0.000010>
3890  1588545409.761920 mmap(0x7fe69abe7000, 8192, PROT_READ|PROT_WRITE, MAP_PRIVATE|MAP_FIXED|MAP_DENYWRITE, 3, 0x11000) = 0x7fe69abe7000 <0.000010>
3890  1588545409.761960 close(3)        = 0 <0.000007>
3890  1588545409.761994 access("/etc/ld.so.nohwcap", F_OK) = -1 ENOENT (No such file or directory) <0.000010>
3890  1588545409.762028 openat(AT_FDCWD, "/usr/lib/x86_64-linux-gnu/libbind9.so.160", O_RDONLY|O_CLOEXEC) = 3 <0.000011>
3890  1588545409.762060 read(3, "\177ELF\2\1\1\0\0\0\0\0\0\0\0\0\3\0>\0\1\0\0\0\340)\0\0\0\0\0\0"..., 832) = 832 <0.000007>
3890  1588545409.762086 fstat(3, {st_mode=S_IFREG|0644, st_size=67520, ...}) = 0 <0.000006>
3890  1588545409.762113 mmap(NULL, 2162752, PROT_READ|PROT_EXEC, MAP_PRIVATE|MAP_DENYWRITE, 3, 0) = 0x7fe69a7c5000 <0.000009>
3890  1588545409.762139 mprotect(0x7fe69a7d4000, 2097152, PROT_NONE) = 0 <0.000009>
3890  1588545409.762165 mmap(0x7fe69a9d4000, 8192, PROT_READ|PROT_WRITE, MAP_PRIVATE|MAP_FIXED|MAP_DENYWRITE, 3, 0xf000) = 0x7fe69a9d4000 <0.000010>
3890  1588545409.762204 close(3)        = 0 <0.000007>
3890  1588545409.762234 access("/etc/ld.so.nohwcap", F_OK) = -1 ENOENT (No such file or directory) <0.000009>
3890  1588545409.762266 openat(AT_FDCWD, "/usr/lib/x86_64-linux-gnu/libisccfg.so.160", O_RDONLY|O_CLOEXEC) = 3 <0.000011>
3890  1588545409.762296 read(3, "\177ELF\2\1\1\0\0\0\0\0\0\0\0\0\3\0>\0\1\0\0\0p\31\1\0\0\0\0\0"..., 832) = 832 <0.000008>
3890  1588545409.762743 fstat(3, {st_mode=S_IFREG|0644, st_size=183032, ...}) = 0 <0.000013>
3890  1588545409.762792 mmap(NULL, 2281512, PROT_READ|PROT_EXEC, MAP_PRIVATE|MAP_DENYWRITE, 3, 0) = 0x7fe69a597000 <0.000010>
3890  1588545409.762828 mprotect(0x7fe69a5bb000, 2097152, PROT_NONE) = 0 <0.000011>
3890  1588545409.762856 mmap(0x7fe69a7bb000, 36864, PROT_READ|PROT_WRITE, MAP_PRIVATE|MAP_FIXED|MAP_DENYWRITE, 3, 0x24000) = 0x7fe69a7bb000 <0.000012>
3890  1588545409.762890 mmap(0x7fe69a7c4000, 40, PROT_READ|PROT_WRITE, MAP_PRIVATE|MAP_FIXED|MAP_ANONYMOUS, -1, 0) = 0x7fe69a7c4000 <0.000009>
3890  1588545409.762926 close(3)        = 0 <0.000007>
3890  1588545409.762957 access("/etc/ld.so.nohwcap", F_OK) = -1 ENOENT (No such file or directory) <0.000011>
3890  1588545409.762992 openat(AT_FDCWD, "/usr/lib/x86_64-linux-gnu/libisc.so.169", O_RDONLY|O_CLOEXEC) = 3 <0.000011>
3890  1588545409.763024 read(3, "\177ELF\2\1\1\0\0\0\0\0\0\0\0\0\3\0>\0\1\0\0\0@\36\1\0\0\0\0\0"..., 832) = 832 <0.000008>
3890  1588545409.763051 fstat(3, {st_mode=S_IFREG|0644, st_size=508440, ...}) = 0 <0.000006>
3890  1588545409.763078 mmap(NULL, 2607784, PROT_READ|PROT_EXEC, MAP_PRIVATE|MAP_DENYWRITE, 3, 0) = 0x7fe69a31a000 <0.000009>
3890  1588545409.763104 mprotect(0x7fe69a394000, 2097152, PROT_NONE) = 0 <0.000011>
3890  1588545409.763131 mmap(0x7fe69a594000, 8192, PROT_READ|PROT_WRITE, MAP_PRIVATE|MAP_FIXED|MAP_DENYWRITE, 3, 0x7a000) = 0x7fe69a594000 <0.000011>
3890  1588545409.763164 mmap(0x7fe69a596000, 2728, PROT_READ|PROT_WRITE, MAP_PRIVATE|MAP_FIXED|MAP_ANONYMOUS, -1, 0) = 0x7fe69a596000 <0.000008>
3890  1588545409.763199 close(3)        = 0 <0.000006>
3890  1588545409.763228 access("/etc/ld.so.nohwcap", F_OK) = -1 ENOENT (No such file or directory) <0.000009>
3890  1588545409.763261 openat(AT_FDCWD, "/lib/x86_64-linux-gnu/libpthread.so.0", O_RDONLY|O_CLOEXEC) = 3 <0.000011>
3890  1588545409.763291 read(3, "\177ELF\2\1\1\0\0\0\0\0\0\0\0\0\3\0>\0\1\0\0\0000b\0\0\0\0\0\0"..., 832) = 832 <0.000007>
3890  1588545409.763318 fstat(3, {st_mode=S_IFREG|0755, st_size=144976, ...}) = 0 <0.000007>
3890  1588545409.763344 mmap(NULL, 2221184, PROT_READ|PROT_EXEC, MAP_PRIVATE|MAP_DENYWRITE, 3, 0) = 0x7fe69a0fb000 <0.000010>
3890  1588545409.763372 mprotect(0x7fe69a115000, 2093056, PROT_NONE) = 0 <0.000011>
3890  1588545409.763400 mmap(0x7fe69a314000, 8192, PROT_READ|PROT_WRITE, MAP_PRIVATE|MAP_FIXED|MAP_DENYWRITE, 3, 0x19000) = 0x7fe69a314000 <0.000011>
3890  1588545409.763434 mmap(0x7fe69a316000, 13440, PROT_READ|PROT_WRITE, MAP_PRIVATE|MAP_FIXED|MAP_ANONYMOUS, -1, 0) = 0x7fe69a316000 <0.000009>
3890  1588545409.763468 close(3)        = 0 <0.000007>
3890  1588545409.763497 access("/etc/ld.so.nohwcap", F_OK) = -1 ENOENT (No such file or directory) <0.000010>
3890  1588545409.763529 openat(AT_FDCWD, "/lib/x86_64-linux-gnu/libc.so.6", O_RDONLY|O_CLOEXEC) = 3 <0.000010>
3890  1588545409.763558 read(3, "\177ELF\2\1\1\3\0\0\0\0\0\0\0\0\3\0>\0\1\0\0\0\260\34\2\0\0\0\0\0"..., 832) = 832 <0.000007>
3890  1588545409.763585 fstat(3, {st_mode=S_IFREG|0755, st_size=2030544, ...}) = 0 <0.000007>
3890  1588545409.763611 mmap(NULL, 8192, PROT_READ|PROT_WRITE, MAP_PRIVATE|MAP_ANONYMOUS, -1, 0) = 0x7fe69b226000 <0.000008>
3890  1588545409.763641 mmap(NULL, 4131552, PROT_READ|PROT_EXEC, MAP_PRIVATE|MAP_DENYWRITE, 3, 0) = 0x7fe699d0a000 <0.000011>
3890  1588545409.763669 mprotect(0x7fe699ef1000, 2097152, PROT_NONE) = 0 <0.000013>
3890  1588545409.763698 mmap(0x7fe69a0f1000, 24576, PROT_READ|PROT_WRITE, MAP_PRIVATE|MAP_FIXED|MAP_DENYWRITE, 3, 0x1e7000) = 0x7fe69a0f1000 <0.000012>
3890  1588545409.763731 mmap(0x7fe69a0f7000, 15072, PROT_READ|PROT_WRITE, MAP_PRIVATE|MAP_FIXED|MAP_ANONYMOUS, -1, 0) = 0x7fe69a0f7000 <0.000009>
3890  1588545409.763766 close(3)        = 0 <0.000007>
3890  1588545409.763800 access("/etc/ld.so.nohwcap", F_OK) = -1 ENOENT (No such file or directory) <0.000010>
3890  1588545409.763832 openat(AT_FDCWD, "/usr/lib/x86_64-linux-gnu/libgssapi_krb5.so.2", O_RDONLY|O_CLOEXEC) = 3 <0.000011>
3890  1588545409.763863 read(3, "\177ELF\2\1\1\0\0\0\0\0\0\0\0\0\3\0>\0\1\0\0\0\340\266\0\0\0\0\0\0"..., 832) = 832 <0.000008>
3890  1588545409.763890 fstat(3, {st_mode=S_IFREG|0644, st_size=305456, ...}) = 0 <0.000007>
3890  1588545409.763921 mmap(NULL, 2401088, PROT_READ|PROT_EXEC, MAP_PRIVATE|MAP_DENYWRITE, 3, 0) = 0x7fe699abf000 <0.000011>
3890  1588545409.763949 mprotect(0x7fe699b07000, 2093056, PROT_NONE) = 0 <0.000012>
3890  1588545409.763978 mmap(0x7fe699d06000, 16384, PROT_READ|PROT_WRITE, MAP_PRIVATE|MAP_FIXED|MAP_DENYWRITE, 3, 0x47000) = 0x7fe699d06000 <0.000011>
3890  1588545409.764019 close(3)        = 0 <0.000007>
3890  1588545409.764049 access("/etc/ld.so.nohwcap", F_OK) = -1 ENOENT (No such file or directory) <0.000010>
3890  1588545409.764081 openat(AT_FDCWD, "/usr/lib/x86_64-linux-gnu/libkrb5.so.3", O_RDONLY|O_CLOEXEC) = 3 <0.000011>
3890  1588545409.764111 read(3, "\177ELF\2\1\1\0\0\0\0\0\0\0\0\0\3\0>\0\1\0\0\0\320\27\2\0\0\0\0\0"..., 832) = 832 <0.000007>
3890  1588545409.764138 fstat(3, {st_mode=S_IFREG|0644, st_size=877056, ...}) = 0 <0.000006>
3890  1588545409.764165 mmap(NULL, 2972896, PROT_READ|PROT_EXEC, MAP_PRIVATE|MAP_DENYWRITE, 3, 0) = 0x7fe6997e9000 <0.000010>
3890  1588545409.764193 mprotect(0x7fe6998af000, 2097152, PROT_NONE) = 0 <0.000012>
3890  1588545409.764221 mmap(0x7fe699aaf000, 65536, PROT_READ|PROT_WRITE, MAP_PRIVATE|MAP_FIXED|MAP_DENYWRITE, 3, 0xc6000) = 0x7fe699aaf000 <0.000011>
3890  1588545409.764263 close(3)        = 0 <0.000007>
3890  1588545409.764293 access("/etc/ld.so.nohwcap", F_OK) = -1 ENOENT (No such file or directory) <0.000009>
3890  1588545409.764324 openat(AT_FDCWD, "/lib/x86_64-linux-gnu/libdl.so.2", O_RDONLY|O_CLOEXEC) = 3 <0.000011>
3890  1588545409.764354 read(3, "\177ELF\2\1\1\0\0\0\0\0\0\0\0\0\3\0>\0\1\0\0\0P\16\0\0\0\0\0\0"..., 832) = 832 <0.000008>
3890  1588545409.764380 fstat(3, {st_mode=S_IFREG|0644, st_size=14560, ...}) = 0 <0.000007>
3890  1588545409.764410 mmap(NULL, 2109712, PROT_READ|PROT_EXEC, MAP_PRIVATE|MAP_DENYWRITE, 3, 0) = 0x7fe6995e5000 <0.000009>
3890  1588545409.764437 mprotect(0x7fe6995e8000, 2093056, PROT_NONE) = 0 <0.000011>
3890  1588545409.764464 mmap(0x7fe6997e7000, 8192, PROT_READ|PROT_WRITE, MAP_PRIVATE|MAP_FIXED|MAP_DENYWRITE, 3, 0x2000) = 0x7fe6997e7000 <0.000010>
3890  1588545409.764504 close(3)        = 0 <0.000006>
3890  1588545409.764532 access("/etc/ld.so.nohwcap", F_OK) = -1 ENOENT (No such file or directory) <0.000010>
3890  1588545409.764563 openat(AT_FDCWD, "/lib/x86_64-linux-gnu/libjson-c.so.3", O_RDONLY|O_CLOEXEC) = 3 <0.000011>
3890  1588545409.764594 read(3, "\177ELF\2\1\1\0\0\0\0\0\0\0\0\0\3\0>\0\1\0\0\0P'\0\0\0\0\0\0"..., 832) = 832 <0.000008>
3890  1588545409.764620 fstat(3, {st_mode=S_IFREG|0644, st_size=43304, ...}) = 0 <0.000007>
3890  1588545409.764647 mmap(NULL, 2138456, PROT_READ|PROT_EXEC, MAP_PRIVATE|MAP_DENYWRITE, 3, 0) = 0x7fe6993da000 <0.000010>
3890  1588545409.764674 mprotect(0x7fe6993e4000, 2093056, PROT_NONE) = 0 <0.000011>
3890  1588545409.764702 mmap(0x7fe6995e3000, 8192, PROT_READ|PROT_WRITE, MAP_PRIVATE|MAP_FIXED|MAP_DENYWRITE, 3, 0x9000) = 0x7fe6995e3000 <0.000010>
3890  1588545409.764741 close(3)        = 0 <0.000007>
3890  1588545409.764771 access("/etc/ld.so.nohwcap", F_OK) = -1 ENOENT (No such file or directory) <0.000009>
3890  1588545409.764803 openat(AT_FDCWD, "/usr/lib/x86_64-linux-gnu/libGeoIP.so.1", O_RDONLY|O_CLOEXEC) = 3 <0.000012>
3890  1588545409.764835 read(3, "\177ELF\2\1\1\0\0\0\0\0\0\0\0\0\3\0>\0\1\0\0\0@e\0\0\0\0\0\0"..., 832) = 832 <0.000008>
3890  1588545409.764862 fstat(3, {st_mode=S_IFREG|0644, st_size=211128, ...}) = 0 <0.000007>
3890  1588545409.764888 mmap(NULL, 2306448, PROT_READ|PROT_EXEC, MAP_PRIVATE|MAP_DENYWRITE, 3, 0) = 0x7fe6991a6000 <0.000008>
3890  1588545409.764914 mprotect(0x7fe6991d8000, 2093056, PROT_NONE) = 0 <0.000009>
3890  1588545409.764940 mmap(0x7fe6993d7000, 12288, PROT_READ|PROT_WRITE, MAP_PRIVATE|MAP_FIXED|MAP_DENYWRITE, 3, 0x31000) = 0x7fe6993d7000 <0.000010>
3890  1588545409.764980 close(3)        = 0 <0.000007>
3890  1588545409.765009 access("/etc/ld.so.nohwcap", F_OK) = -1 ENOENT (No such file or directory) <0.000010>
3890  1588545409.765041 openat(AT_FDCWD, "/usr/lib/x86_64-linux-gnu/libxml2.so.2", O_RDONLY|O_CLOEXEC) = 3 <0.000011>
3890  1588545409.765071 read(3, "\177ELF\2\1\1\0\0\0\0\0\0\0\0\0\3\0>\0\1\0\0\0p\331\2\0\0\0\0\0"..., 832) = 832 <0.000009>
3890  1588545409.765103 fstat(3, {st_mode=S_IFREG|0644, st_size=1834232, ...}) = 0 <0.000007>
3890  1588545409.765129 mmap(NULL, 8192, PROT_READ|PROT_WRITE, MAP_PRIVATE|MAP_ANONYMOUS, -1, 0) = 0x7fe69b224000 <0.000009>
3890  1588545409.765158 mmap(NULL, 3934648, PROT_READ|PROT_EXEC, MAP_PRIVATE|MAP_DENYWRITE, 3, 0) = 0x7fe698de5000 <0.000011>
3890  1588545409.765185 mprotect(0x7fe698f9b000, 2097152, PROT_NONE) = 0 <0.000014>
3890  1588545409.765216 mmap(0x7fe69919b000, 40960, PROT_READ|PROT_WRITE, MAP_PRIVATE|MAP_FIXED|MAP_DENYWRITE, 3, 0x1b6000) = 0x7fe69919b000 <0.000012>
3890  1588545409.765250 mmap(0x7fe6991a5000, 2488, PROT_READ|PROT_WRITE, MAP_PRIVATE|MAP_FIXED|MAP_ANONYMOUS, -1, 0) = 0x7fe6991a5000 <0.000009>
3890  1588545409.765284 close(3)        = 0 <0.000007>
3890  1588545409.765316 access("/etc/ld.so.nohwcap", F_OK) = -1 ENOENT (No such file or directory) <0.000009>
3890  1588545409.765349 openat(AT_FDCWD, "/usr/lib/x86_64-linux-gnu/libcrypto.so.1.1", O_RDONLY|O_CLOEXEC) = 3 <0.000011>
3890  1588545409.765379 read(3, "\177ELF\2\1\1\0\0\0\0\0\0\0\0\0\3\0>\0\1\0\0\0\0\200\7\0\0\0\0\0"..., 832) = 832 <0.000009>
3890  1588545409.765406 fstat(3, {st_mode=S_IFREG|0644, st_size=2917216, ...}) = 0 <0.000007>
3890  1588545409.765432 mmap(NULL, 5025640, PROT_READ|PROT_EXEC, MAP_PRIVATE|MAP_DENYWRITE, 3, 0) = 0x7fe69891a000 <0.000010>
3890  1588545409.765459 mprotect(0x7fe698bb5000, 2093056, PROT_NONE) = 0 <0.000011>
3890  1588545409.765485 mmap(0x7fe698db4000, 188416, PROT_READ|PROT_WRITE, MAP_PRIVATE|MAP_FIXED|MAP_DENYWRITE, 3, 0x29a000) = 0x7fe698db4000 <0.000011>
3890  1588545409.765518 mmap(0x7fe698de2000, 12136, PROT_READ|PROT_WRITE, MAP_PRIVATE|MAP_FIXED|MAP_ANONYMOUS, -1, 0) = 0x7fe698de2000 <0.000008>
3890  1588545409.765554 close(3)        = 0 <0.000007>
3890  1588545409.765592 access("/etc/ld.so.nohwcap", F_OK) = -1 ENOENT (No such file or directory) <0.000009>
3890  1588545409.765624 openat(AT_FDCWD, "/lib/x86_64-linux-gnu/libz.so.1", O_RDONLY|O_CLOEXEC) = 3 <0.000011>
3890  1588545409.765654 read(3, "\177ELF\2\1\1\0\0\0\0\0\0\0\0\0\3\0>\0\1\0\0\0\220\37\0\0\0\0\0\0"..., 832) = 832 <0.000008>
3890  1588545409.765680 fstat(3, {st_mode=S_IFREG|0644, st_size=116960, ...}) = 0 <0.000006>
3890  1588545409.765710 mmap(NULL, 2212016, PROT_READ|PROT_EXEC, MAP_PRIVATE|MAP_DENYWRITE, 3, 0) = 0x7fe6986fd000 <0.000013>
3890  1588545409.765740 mprotect(0x7fe698719000, 2093056, PROT_NONE) = 0 <0.000013>
3890  1588545409.765769 mmap(0x7fe698918000, 8192, PROT_READ|PROT_WRITE, MAP_PRIVATE|MAP_FIXED|MAP_DENYWRITE, 3, 0x1b000) = 0x7fe698918000 <0.000012>
3890  1588545409.765810 close(3)        = 0 <0.000007>
3890  1588545409.765844 access("/etc/ld.so.nohwcap", F_OK) = -1 ENOENT (No such file or directory) <0.000009>
3890  1588545409.765875 openat(AT_FDCWD, "/usr/lib/x86_64-linux-gnu/libk5crypto.so.3", O_RDONLY|O_CLOEXEC) = 3 <0.000011>
3890  1588545409.765906 read(3, "\177ELF\2\1\1\0\0\0\0\0\0\0\0\0\3\0>\0\1\0\0\0PC\0\0\0\0\0\0"..., 832) = 832 <0.000007>
3890  1588545409.765933 fstat(3, {st_mode=S_IFREG|0644, st_size=199104, ...}) = 0 <0.000007>
3890  1588545409.766019 mmap(NULL, 2297976, PROT_READ|PROT_EXEC, MAP_PRIVATE|MAP_DENYWRITE, 3, 0) = 0x7fe6984cb000 <0.000014>
3890  1588545409.766057 mprotect(0x7fe6984f9000, 2097152, PROT_NONE) = 0 <0.000012>
3890  1588545409.766086 mmap(0x7fe6986f9000, 12288, PROT_READ|PROT_WRITE, MAP_PRIVATE|MAP_FIXED|MAP_DENYWRITE, 3, 0x2e000) = 0x7fe6986f9000 <0.000011>
3890  1588545409.766121 mmap(0x7fe6986fc000, 120, PROT_READ|PROT_WRITE, MAP_PRIVATE|MAP_FIXED|MAP_ANONYMOUS, -1, 0) = 0x7fe6986fc000 <0.000009>
3890  1588545409.766157 close(3)        = 0 <0.000007>
3890  1588545409.766189 access("/etc/ld.so.nohwcap", F_OK) = -1 ENOENT (No such file or directory) <0.000010>
3890  1588545409.766224 openat(AT_FDCWD, "/lib/x86_64-linux-gnu/libcom_err.so.2", O_RDONLY|O_CLOEXEC) = 3 <0.000012>
3890  1588545409.766257 read(3, "\177ELF\2\1\1\0\0\0\0\0\0\0\0\0\3\0>\0\1\0\0\0\200\23\0\0\0\0\0\0"..., 832) = 832 <0.000008>
3890  1588545409.766289 fstat(3, {st_mode=S_IFREG|0644, st_size=14248, ...}) = 0 <0.000007>
3890  1588545409.766317 mmap(NULL, 2109608, PROT_READ|PROT_EXEC, MAP_PRIVATE|MAP_DENYWRITE, 3, 0) = 0x7fe6982c7000 <0.000010>
3890  1588545409.766345 mprotect(0x7fe6982ca000, 2093056, PROT_NONE) = 0 <0.000010>
3890  1588545409.766372 mmap(0x7fe6984c9000, 8192, PROT_READ|PROT_WRITE, MAP_PRIVATE|MAP_FIXED|MAP_DENYWRITE, 3, 0x2000) = 0x7fe6984c9000 <0.000011>
3890  1588545409.766412 close(3)        = 0 <0.000007>
3890  1588545409.766442 access("/etc/ld.so.nohwcap", F_OK) = -1 ENOENT (No such file or directory) <0.000009>
3890  1588545409.766474 openat(AT_FDCWD, "/usr/lib/x86_64-linux-gnu/libkrb5support.so.0", O_RDONLY|O_CLOEXEC) = 3 <0.000011>
3890  1588545409.766564 read(3, "\177ELF\2\1\1\0\0\0\0\0\0\0\0\0\3\0>\0\1\0\0\0@'\0\0\0\0\0\0"..., 832) = 832 <0.000010>
3890  1588545409.766599 fstat(3, {st_mode=S_IFREG|0644, st_size=43616, ...}) = 0 <0.000007>
3890  1588545409.766626 mmap(NULL, 8192, PROT_READ|PROT_WRITE, MAP_PRIVATE|MAP_ANONYMOUS, -1, 0) = 0x7fe69b222000 <0.000009>
3890  1588545409.766658 mmap(NULL, 2139080, PROT_READ|PROT_EXEC, MAP_PRIVATE|MAP_DENYWRITE, 3, 0) = 0x7fe6980bc000 <0.000010>
3890  1588545409.766685 mprotect(0x7fe6980c6000, 2093056, PROT_NONE) = 0 <0.000011>
3890  1588545409.766712 mmap(0x7fe6982c5000, 8192, PROT_READ|PROT_WRITE, MAP_PRIVATE|MAP_FIXED|MAP_DENYWRITE, 3, 0x9000) = 0x7fe6982c5000 <0.000011>
3890  1588545409.766752 close(3)        = 0 <0.000007>
3890  1588545409.766787 access("/etc/ld.so.nohwcap", F_OK) = -1 ENOENT (No such file or directory) <0.000011>
3890  1588545409.766822 openat(AT_FDCWD, "/lib/x86_64-linux-gnu/libkeyutils.so.1", O_RDONLY|O_CLOEXEC) = 3 <0.000011>
3890  1588545409.766852 read(3, "\177ELF\2\1\1\0\0\0\0\0\0\0\0\0\3\0>\0\1\0\0\0\320\22\0\0\0\0\0\0"..., 832) = 832 <0.000007>
3890  1588545409.766879 fstat(3, {st_mode=S_IFREG|0644, st_size=14256, ...}) = 0 <0.000006>
3890  1588545409.766906 mmap(NULL, 2109456, PROT_READ|PROT_EXEC, MAP_PRIVATE|MAP_DENYWRITE, 3, 0) = 0x7fe697eb8000 <0.000012>
3890  1588545409.766935 mprotect(0x7fe697ebb000, 2093056, PROT_NONE) = 0 <0.000011>
3890  1588545409.766962 mmap(0x7fe6980ba000, 8192, PROT_READ|PROT_WRITE, MAP_PRIVATE|MAP_FIXED|MAP_DENYWRITE, 3, 0x2000) = 0x7fe6980ba000 <0.000010>
3890  1588545409.767002 close(3)        = 0 <0.000007>
3890  1588545409.767032 access("/etc/ld.so.nohwcap", F_OK) = -1 ENOENT (No such file or directory) <0.000010>
3890  1588545409.767064 openat(AT_FDCWD, "/lib/x86_64-linux-gnu/libresolv.so.2", O_RDONLY|O_CLOEXEC) = 3 <0.000011>
3890  1588545409.767094 read(3, "\177ELF\2\1\1\0\0\0\0\0\0\0\0\0\3\0>\0\1\0\0\00008\0\0\0\0\0\0"..., 832) = 832 <0.000007>
3890  1588545409.767121 fstat(3, {st_mode=S_IFREG|0644, st_size=101168, ...}) = 0 <0.000006>
3890  1588545409.767151 mmap(NULL, 2206336, PROT_READ|PROT_EXEC, MAP_PRIVATE|MAP_DENYWRITE, 3, 0) = 0x7fe697c9d000 <0.000012>
3890  1588545409.767181 mprotect(0x7fe697cb4000, 2097152, PROT_NONE) = 0 <0.000014>
3890  1588545409.767212 mmap(0x7fe697eb4000, 8192, PROT_READ|PROT_WRITE, MAP_PRIVATE|MAP_FIXED|MAP_DENYWRITE, 3, 0x17000) = 0x7fe697eb4000 <0.000012>
3890  1588545409.767245 mmap(0x7fe697eb6000, 6784, PROT_READ|PROT_WRITE, MAP_PRIVATE|MAP_FIXED|MAP_ANONYMOUS, -1, 0) = 0x7fe697eb6000 <0.000009>
3890  1588545409.767280 close(3)        = 0 <0.000007>
3890  1588545409.767317 access("/etc/ld.so.nohwcap", F_OK) = -1 ENOENT (No such file or directory) <0.000010>
3890  1588545409.767349 openat(AT_FDCWD, "/usr/lib/x86_64-linux-gnu/libicuuc.so.60", O_RDONLY|O_CLOEXEC) = 3 <0.000012>
3890  1588545409.767380 read(3, "\177ELF\2\1\1\0\0\0\0\0\0\0\0\0\3\0>\0\1\0\0\0000\v\6\0\0\0\0\0"..., 832) = 832 <0.000008>
3890  1588545409.767407 fstat(3, {st_mode=S_IFREG|0644, st_size=1796104, ...}) = 0 <0.000058>
3890  1588545409.767489 mmap(NULL, 3898240, PROT_READ|PROT_EXEC, MAP_PRIVATE|MAP_DENYWRITE, 3, 0) = 0x7fe6978e5000 <0.000011>
3890  1588545409.767516 mprotect(0x7fe697a89000, 2093056, PROT_NONE) = 0 <0.000012>
3890  1588545409.767543 mmap(0x7fe697c88000, 81920, PROT_READ|PROT_WRITE, MAP_PRIVATE|MAP_FIXED|MAP_DENYWRITE, 3, 0x1a3000) = 0x7fe697c88000 <0.000012>
3890  1588545409.767581 mmap(0x7fe697c9c000, 2944, PROT_READ|PROT_WRITE, MAP_PRIVATE|MAP_FIXED|MAP_ANONYMOUS, -1, 0) = 0x7fe697c9c000 <0.000008>
3890  1588545409.767615 close(3)        = 0 <0.000006>
3890  1588545409.767647 access("/etc/ld.so.nohwcap", F_OK) = -1 ENOENT (No such file or directory) <0.000010>
3890  1588545409.767678 openat(AT_FDCWD, "/lib/x86_64-linux-gnu/liblzma.so.5", O_RDONLY|O_CLOEXEC) = 3 <0.000010>
3890  1588545409.767707 read(3, "\177ELF\2\1\1\0\0\0\0\0\0\0\0\0\3\0>\0\1\0\0\0\340(\0\0\0\0\0\0"..., 832) = 832 <0.000007>
3890  1588545409.767732 fstat(3, {st_mode=S_IFREG|0644, st_size=153984, ...}) = 0 <0.000007>
3890  1588545409.767757 mmap(NULL, 2248968, PROT_READ|PROT_EXEC, MAP_PRIVATE|MAP_DENYWRITE, 3, 0) = 0x7fe6976bf000 <0.000010>
3890  1588545409.767783 mprotect(0x7fe6976e3000, 2097152, PROT_NONE) = 0 <0.000012>
3890  1588545409.767811 mmap(0x7fe6978e3000, 8192, PROT_READ|PROT_WRITE, MAP_PRIVATE|MAP_FIXED|MAP_DENYWRITE, 3, 0x24000) = 0x7fe6978e3000 <0.000009>
3890  1588545409.767848 close(3)        = 0 <0.000006>
3890  1588545409.767876 access("/etc/ld.so.nohwcap", F_OK) = -1 ENOENT (No such file or directory) <0.000009>
3890  1588545409.767906 openat(AT_FDCWD, "/lib/x86_64-linux-gnu/libm.so.6", O_RDONLY|O_CLOEXEC) = 3 <0.000010>
3890  1588545409.767935 read(3, "\177ELF\2\1\1\3\0\0\0\0\0\0\0\0\3\0>\0\1\0\0\0\200\272\0\0\0\0\0\0"..., 832) = 832 <0.000008>
3890  1588545409.767965 fstat(3, {st_mode=S_IFREG|0644, st_size=1700792, ...}) = 0 <0.000006>
3890  1588545409.767991 mmap(NULL, 3789144, PROT_READ|PROT_EXEC, MAP_PRIVATE|MAP_DENYWRITE, 3, 0) = 0x7fe697321000 <0.000010>
3890  1588545409.768017 mprotect(0x7fe6974be000, 2093056, PROT_NONE) = 0 <0.000012>
3890  1588545409.768043 mmap(0x7fe6976bd000, 8192, PROT_READ|PROT_WRITE, MAP_PRIVATE|MAP_FIXED|MAP_DENYWRITE, 3, 0x19c000) = 0x7fe6976bd000 <0.000011>
3890  1588545409.768082 close(3)        = 0 <0.000006>
3890  1588545409.768112 mmap(NULL, 8192, PROT_READ|PROT_WRITE, MAP_PRIVATE|MAP_ANONYMOUS, -1, 0) = 0x7fe69b220000 <0.000008>
3890  1588545409.768145 access("/etc/ld.so.nohwcap", F_OK) = -1 ENOENT (No such file or directory) <0.000008>
3890  1588545409.768174 openat(AT_FDCWD, "/usr/lib/x86_64-linux-gnu/libicudata.so.60", O_RDONLY|O_CLOEXEC) = 3 <0.000011>
3890  1588545409.768203 read(3, "\177ELF\2\1\1\0\0\0\0\0\0\0\0\0\3\0>\0\1\0\0\0\200\4\0\0\0\0\0\0"..., 832) = 832 <0.000007>
3890  1588545409.768229 fstat(3, {st_mode=S_IFREG|0644, st_size=26904112, ...}) = 0 <0.000006>
3890  1588545409.768254 mmap(NULL, 28999696, PROT_READ|PROT_EXEC, MAP_PRIVATE|MAP_DENYWRITE, 3, 0) = 0x7fe695778000 <0.000010>
3890  1588545409.768280 mprotect(0x7fe697120000, 2093056, PROT_NONE) = 0 <0.000011>
3890  1588545409.768306 mmap(0x7fe69731f000, 8192, PROT_READ|PROT_WRITE, MAP_PRIVATE|MAP_FIXED|MAP_DENYWRITE, 3, 0x19a7000) = 0x7fe69731f000 <0.000010>
3890  1588545409.768344 close(3)        = 0 <0.000006>
3890  1588545409.768374 access("/etc/ld.so.nohwcap", F_OK) = -1 ENOENT (No such file or directory) <0.000009>
3890  1588545409.768404 openat(AT_FDCWD, "/usr/lib/x86_64-linux-gnu/libstdc++.so.6", O_RDONLY|O_CLOEXEC) = 3 <0.000010>
3890  1588545409.768432 read(3, "\177ELF\2\1\1\3\0\0\0\0\0\0\0\0\3\0>\0\1\0\0\0\220\304\10\0\0\0\0\0"..., 832) = 832 <0.000071>
3890  1588545409.768533 fstat(3, {st_mode=S_IFREG|0644, st_size=1594864, ...}) = 0 <0.000007>
3890  1588545409.768561 mmap(NULL, 3702848, PROT_READ|PROT_EXEC, MAP_PRIVATE|MAP_DENYWRITE, 3, 0) = 0x7fe6953ef000 <0.000011>
3890  1588545409.768589 mprotect(0x7fe695568000, 2097152, PROT_NONE) = 0 <0.000012>
3890  1588545409.768616 mmap(0x7fe695768000, 49152, PROT_READ|PROT_WRITE, MAP_PRIVATE|MAP_FIXED|MAP_DENYWRITE, 3, 0x179000) = 0x7fe695768000 <0.000011>
3890  1588545409.768649 mmap(0x7fe695774000, 12352, PROT_READ|PROT_WRITE, MAP_PRIVATE|MAP_FIXED|MAP_ANONYMOUS, -1, 0) = 0x7fe695774000 <0.000008>
3890  1588545409.768682 close(3)        = 0 <0.000007>
3890  1588545409.768716 access("/etc/ld.so.nohwcap", F_OK) = -1 ENOENT (No such file or directory) <0.000010>
3890  1588545409.768753 openat(AT_FDCWD, "/lib/x86_64-linux-gnu/libgcc_s.so.1", O_RDONLY|O_CLOEXEC) = 3 <0.000010>
3890  1588545409.768782 read(3, "\177ELF\2\1\1\0\0\0\0\0\0\0\0\0\3\0>\0\1\0\0\0\300*\0\0\0\0\0\0"..., 832) = 832 <0.000007>
3890  1588545409.768807 fstat(3, {st_mode=S_IFREG|0644, st_size=96616, ...}) = 0 <0.000007>
3890  1588545409.768835 mmap(NULL, 2192432, PROT_READ|PROT_EXEC, MAP_PRIVATE|MAP_DENYWRITE, 3, 0) = 0x7fe6951d7000 <0.000010>
3890  1588545409.768861 mprotect(0x7fe6951ee000, 2093056, PROT_NONE) = 0 <0.000010>
3890  1588545409.768886 mmap(0x7fe6953ed000, 8192, PROT_READ|PROT_WRITE, MAP_PRIVATE|MAP_FIXED|MAP_DENYWRITE, 3, 0x16000) = 0x7fe6953ed000 <0.000010>
3890  1588545409.768924 close(3)        = 0 <0.000006>
3890  1588545409.768979 mmap(NULL, 8192, PROT_READ|PROT_WRITE, MAP_PRIVATE|MAP_ANONYMOUS, -1, 0) = 0x7fe69b21e000 <0.000008>
3890  1588545409.769031 mmap(NULL, 8192, PROT_READ|PROT_WRITE, MAP_PRIVATE|MAP_ANONYMOUS, -1, 0) = 0x7fe69b21c000 <0.000007>
3890  1588545409.769059 arch_prctl(ARCH_SET_FS, 0x7fe69b21cbc0) = 0 <0.000006>
3890  1588545409.769147 mprotect(0x7fe69a0f1000, 16384, PROT_READ) = 0 <0.000013>
3890  1588545409.769184 mprotect(0x7fe6953ed000, 4096, PROT_READ) = 0 <0.000012>
3890  1588545409.769231 mprotect(0x7fe6976bd000, 4096, PROT_READ) = 0 <0.000013>
3890  1588545409.769488 mmap(NULL, 8192, PROT_READ|PROT_WRITE, MAP_PRIVATE|MAP_ANONYMOUS, -1, 0) = 0x7fe69b21a000 <0.000008>
3890  1588545409.770211 mprotect(0x7fe695768000, 40960, PROT_READ) = 0 <0.000015>
3890  1588545409.770247 mprotect(0x7fe69731f000, 4096, PROT_READ) = 0 <0.000011>
3890  1588545409.770281 mprotect(0x7fe69a314000, 4096, PROT_READ) = 0 <0.000012>
3890  1588545409.770314 mprotect(0x7fe6997e7000, 4096, PROT_READ) = 0 <0.000011>
3890  1588545409.770344 mprotect(0x7fe6978e3000, 4096, PROT_READ) = 0 <0.000011>
3890  1588545409.770507 mprotect(0x7fe697c88000, 77824, PROT_READ) = 0 <0.000017>
3890  1588545409.770547 mprotect(0x7fe697eb4000, 4096, PROT_READ) = 0 <0.000013>
3890  1588545409.770583 mprotect(0x7fe6980ba000, 4096, PROT_READ) = 0 <0.000013>
3890  1588545409.770620 mprotect(0x7fe6982c5000, 4096, PROT_READ) = 0 <0.000012>
3890  1588545409.770662 mprotect(0x7fe6984c9000, 4096, PROT_READ) = 0 <0.000012>
3890  1588545409.770705 mprotect(0x7fe6986f9000, 8192, PROT_READ) = 0 <0.000012>
3890  1588545409.770735 mprotect(0x7fe698918000, 4096, PROT_READ) = 0 <0.000012>
3890  1588545409.771070 mprotect(0x7fe698db4000, 180224, PROT_READ) = 0 <0.000012>
3890  1588545409.771216 mprotect(0x7fe69919b000, 32768, PROT_READ) = 0 <0.000014>
3890  1588545409.771270 mprotect(0x7fe6993d7000, 4096, PROT_READ) = 0 <0.000011>
3890  1588545409.771301 mprotect(0x7fe6995e3000, 4096, PROT_READ) = 0 <0.000012>
3890  1588545409.771407 mprotect(0x7fe699aaf000, 57344, PROT_READ) = 0 <0.000016>
3890  1588545409.771469 mprotect(0x7fe699d06000, 8192, PROT_READ) = 0 <0.000012>
3890  1588545409.771575 mprotect(0x7fe69a594000, 4096, PROT_READ) = 0 <0.000011>
3890  1588545409.771821 mprotect(0x7fe69b00e000, 12288, PROT_READ) = 0 <0.000011>
3890  1588545409.771918 mprotect(0x7fe69a7bb000, 4096, PROT_READ) = 0 <0.000010>
3890  1588545409.771966 mprotect(0x7fe69a9d4000, 4096, PROT_READ) = 0 <0.000011>
3890  1588545409.772013 mprotect(0x7fe69abe7000, 4096, PROT_READ) = 0 <0.000011>
3890  1588545409.772097 mprotect(0x55bbbe62a000, 4096, PROT_READ) = 0 <0.000011>
3890  1588545409.772129 mprotect(0x7fe69b23e000, 4096, PROT_READ) = 0 <0.000013>
3890  1588545409.772159 munmap(0x7fe69b22a000, 80607) = 0 <0.000022>
3890  1588545409.772198 set_tid_address(0x7fe69b21ce90) = 3890 <0.000005>
3890  1588545409.772219 set_robust_list(0x7fe69b21cea0, 24) = 0 <0.000006>
3890  1588545409.772246 rt_sigaction(SIGRTMIN, {sa_handler=0x7fe69a100cb0, sa_mask=[], sa_flags=SA_RESTORER|SA_SIGINFO, sa_restorer=0x7fe69a10d890}, NULL, 8) = 0 <0.000007>
3890  1588545409.772277 rt_sigaction(SIGRT_1, {sa_handler=0x7fe69a100d50, sa_mask=[], sa_flags=SA_RESTORER|SA_RESTART|SA_SIGINFO, sa_restorer=0x7fe69a10d890}, NULL, 8) = 0 <0.000006>
3890  1588545409.772301 rt_sigprocmask(SIG_UNBLOCK, [RTMIN RT_1], NULL, 8) = 0 <0.000007>
3890  1588545409.772336 prlimit64(0, RLIMIT_STACK, NULL, {rlim_cur=8192*1024, rlim_max=RLIM64_INFINITY}) = 0 <0.000006>
3890  1588545409.772472 brk(NULL)       = 0x55bbbef14000 <0.000007>
3890  1588545409.772495 brk(0x55bbbef35000) = 0x55bbbef35000 <0.000008>
3890  1588545409.772573 futex(0x7fe69a596a88, FUTEX_WAKE_PRIVATE, 2147483647) = 0 <0.000008>
3890  1588545409.772599 rt_sigaction(SIGINT, {sa_handler=0x7fe69a360640, sa_mask=~[RTMIN RT_1], sa_flags=SA_RESTORER, sa_restorer=0x7fe69a10d890}, NULL, 8) = 0 <0.000006>
3890  1588545409.772625 rt_sigaction(SIGTERM, {sa_handler=0x7fe69a360640, sa_mask=~[RTMIN RT_1], sa_flags=SA_RESTORER, sa_restorer=0x7fe69a10d890}, NULL, 8) = 0 <0.000006>
3890  1588545409.772648 rt_sigaction(SIGPIPE, {sa_handler=SIG_IGN, sa_mask=~[RTMIN RT_1], sa_flags=SA_RESTORER, sa_restorer=0x7fe69a10d890}, NULL, 8) = 0 <0.000006>
3890  1588545409.772670 rt_sigaction(SIGHUP, {sa_handler=SIG_DFL, sa_mask=~[RTMIN RT_1], sa_flags=SA_RESTORER, sa_restorer=0x7fe69a10d890}, NULL, 8) = 0 <0.000006>
3890  1588545409.772693 rt_sigprocmask(SIG_BLOCK, [HUP INT TERM], NULL, 8) = 0 <0.000006>
3890  1588545409.772731 openat(AT_FDCWD, "/usr/share/locale/en_US.UTF-8/libdns.cat", O_RDONLY) = -1 ENOENT (No such file or directory) <0.000012>
3890  1588545409.772765 openat(AT_FDCWD, "/usr/share/locale/en_US.UTF-8/LC_MESSAGES/libdns.cat", O_RDONLY) = -1 ENOENT (No such file or directory) <0.000008>
3890  1588545409.772791 openat(AT_FDCWD, "/usr/share/locale/en/libdns.cat", O_RDONLY) = -1 ENOENT (No such file or directory) <0.000008>
3890  1588545409.772817 openat(AT_FDCWD, "/usr/share/locale/en/LC_MESSAGES/libdns.cat", O_RDONLY) = -1 ENOENT (No such file or directory) <0.000008>
3890  1588545409.772842 futex(0x7fe69b015d64, FUTEX_WAKE_PRIVATE, 2147483647) = 0 <0.000005>
3890  1588545409.772872 openat(AT_FDCWD, "/usr/share/locale/en_US.UTF-8/libisc.cat", O_RDONLY) = -1 ENOENT (No such file or directory) <0.000008>
3890  1588545409.772898 openat(AT_FDCWD, "/usr/share/locale/en_US.UTF-8/LC_MESSAGES/libisc.cat", O_RDONLY) = -1 ENOENT (No such file or directory) <0.000008>
3890  1588545409.772923 openat(AT_FDCWD, "/usr/share/locale/en/libisc.cat", O_RDONLY) = -1 ENOENT (No such file or directory) <0.000009>
3890  1588545409.772950 openat(AT_FDCWD, "/usr/share/locale/en/LC_MESSAGES/libisc.cat", O_RDONLY) = -1 ENOENT (No such file or directory) <0.000008>
3890  1588545409.772975 futex(0x7fe69a59603c, FUTEX_WAKE_PRIVATE, 2147483647) = 0 <0.000006>
3890  1588545409.773000 futex(0x7fe69a596190, FUTEX_WAKE_PRIVATE, 2147483647) = 0 <0.000006>
3890  1588545409.773021 futex(0x7fe69b015ef0, FUTEX_WAKE_PRIVATE, 2147483647) = 0 <0.000005>
3890  1588545409.773043 socket(AF_INET, SOCK_STREAM, IPPROTO_IP) = 3 <0.000017>
3890  1588545409.773076 close(3)        = 0 <0.000015>
3890  1588545409.773107 socket(AF_INET6, SOCK_STREAM, IPPROTO_IP) = 3 <0.000024>
3890  1588545409.773146 getsockname(3, {sa_family=AF_INET6, sin6_port=htons(0), inet_pton(AF_INET6, "::", &sin6_addr), sin6_flowinfo=htonl(0), sin6_scope_id=0}, [28]) = 0 <0.000006>
3890  1588545409.773179 close(3)        = 0 <0.000009>
3890  1588545409.773202 socket(AF_UNIX, SOCK_STREAM, 0) = 3 <0.000008>
3890  1588545409.773225 close(3)        = 0 <0.000007>
3890  1588545409.773246 futex(0x7fe69a5969cc, FUTEX_WAKE_PRIVATE, 2147483647) = 0 <0.000006>
3890  1588545409.773266 futex(0x7fe69a596108, FUTEX_WAKE_PRIVATE, 2147483647) = 0 <0.000005>
3890  1588545409.773317 mmap(NULL, 266240, PROT_READ|PROT_WRITE, MAP_PRIVATE|MAP_ANONYMOUS, -1, 0) = 0x7fe69b1d9000 <0.000008>
3890  1588545409.773454 mmap(NULL, 8392704, PROT_NONE, MAP_PRIVATE|MAP_ANONYMOUS|MAP_STACK, -1, 0) = 0x7fe6949d6000 <0.000009>
3890  1588545409.773480 mprotect(0x7fe6949d7000, 8388608, PROT_READ|PROT_WRITE) = 0 <0.000008>
3890  1588545409.773509 brk(0x55bbbef56000) = 0x55bbbef56000 <0.000006>
3890  1588545409.773536 clone(child_stack=0x7fe6951d5f70, flags=CLONE_VM|CLONE_FS|CLONE_FILES|CLONE_SIGHAND|CLONE_THREAD|CLONE_SYSVSEM|CLONE_SETTLS|CLONE_PARENT_SETTID|CLONE_CHILD_CLEARTID, parent_tidptr=0x7fe6951d69d0, tls=0x7fe6951d6700, child_tidptr=0x7fe6951d69d0) = 3891 <0.000038>
3890  1588545409.773610 openat(AT_FDCWD, "/proc/self/task/3891/comm", O_RDWR) = 3 <0.000023>
3890  1588545409.773652 write(3, "isc-worker0000", 14) = 14 <0.000006>
3890  1588545409.773675 close(3)        = 0 <0.000007>
3890  1588545409.773699 mmap(NULL, 8392704, PROT_NONE, MAP_PRIVATE|MAP_ANONYMOUS|MAP_STACK, -1, 0) = 0x7fe6941d5000 <0.000008>
3890  1588545409.773721 mprotect(0x7fe6941d6000, 8388608, PROT_READ|PROT_WRITE) = 0 <0.000007>
3890  1588545409.773749 clone(child_stack=0x7fe6949d4f70, flags=CLONE_VM|CLONE_FS|CLONE_FILES|CLONE_SIGHAND|CLONE_THREAD|CLONE_SYSVSEM|CLONE_SETTLS|CLONE_PARENT_SETTID|CLONE_CHILD_CLEARTID, parent_tidptr=0x7fe6949d59d0, tls=0x7fe6949d5700, child_tidptr=0x7fe6949d59d0) = 3892 <0.000023>
3890  1588545409.773790 openat(AT_FDCWD, "/proc/self/task/3892/comm", O_RDWR) = 3 <0.000014>
3890  1588545409.773821 write(3, "isc-timer", 9) = 9 <0.000006>
3890  1588545409.773844 close(3)        = 0 <0.000006>
3890  1588545409.773924 pipe([3, 4])    = 0 <0.000010>
3890  1588545409.773952 fcntl(3, F_GETFL) = 0 (flags O_RDONLY) <0.000006>
3890  1588545409.773972 fcntl(3, F_SETFL, O_RDONLY|O_NONBLOCK) = 0 <0.000005>
3890  1588545409.773993 epoll_create(64) = 5 <0.000008>
3890  1588545409.774015 epoll_ctl(5, EPOLL_CTL_ADD, 3, {EPOLLIN, {u32=3, u64=3}}) = 0 <0.000007>
3890  1588545409.774040 mmap(NULL, 8392704, PROT_NONE, MAP_PRIVATE|MAP_ANONYMOUS|MAP_STACK, -1, 0) = 0x7fe6939d4000 <0.000007>
3890  1588545409.774062 mprotect(0x7fe6939d5000, 8388608, PROT_READ|PROT_WRITE) = 0 <0.000008>
3890  1588545409.774089 clone(child_stack=0x7fe6941d3f70, flags=CLONE_VM|CLONE_FS|CLONE_FILES|CLONE_SIGHAND|CLONE_THREAD|CLONE_SYSVSEM|CLONE_SETTLS|CLONE_PARENT_SETTID|CLONE_CHILD_CLEARTID, parent_tidptr=0x7fe6941d49d0, tls=0x7fe6941d4700, child_tidptr=0x7fe6941d49d0) = 3893 <0.000020>
3890  1588545409.774127 openat(AT_FDCWD, "/proc/self/task/3893/comm", O_RDWR) = 6 <0.000014>
3890  1588545409.774159 write(6, "isc-socket", 10) = 10 <0.000006>
3890  1588545409.774181 close(6)        = 0 <0.000007>
3890  1588545409.774207 brk(0x55bbbef78000) = 0x55bbbef78000 <0.000007>
3890  1588545409.774272 openat(AT_FDCWD, "/usr/share/locale/en_US.UTF-8/libdst.cat", O_RDONLY) = -1 ENOENT (No such file or directory) <0.000010>
3890  1588545409.774302 openat(AT_FDCWD, "/usr/share/locale/en_US.UTF-8/LC_MESSAGES/libdst.cat", O_RDONLY) = -1 ENOENT (No such file or directory) <0.000009>
3890  1588545409.774328 openat(AT_FDCWD, "/usr/share/locale/en/libdst.cat", O_RDONLY) = -1 ENOENT (No such file or directory) <0.000008>
3890  1588545409.774353 openat(AT_FDCWD, "/usr/share/locale/en/LC_MESSAGES/libdst.cat", O_RDONLY) = -1 ENOENT (No such file or directory) <0.000009>
3890  1588545409.774378 futex(0x7fe69b016768, FUTEX_WAKE_PRIVATE, 2147483647) = 0 <0.000006>
3890  1588545409.774399 futex(0x7fe69b01676c, FUTEX_WAKE_PRIVATE, 2147483647) = 0 <0.000006>
3890  1588545409.774480 futex(0x7fe698de3810, FUTEX_WAKE_PRIVATE, 2147483647) = 0 <0.000006>
3890  1588545409.774502 futex(0x7fe698de3804, FUTEX_WAKE_PRIVATE, 2147483647) = 0 <0.000005>
3890  1588545409.774524 futex(0x7fe698de1c7c, FUTEX_WAKE_PRIVATE, 2147483647) = 0 <0.000006>
3890  1588545409.774545 futex(0x7fe698de36c4, FUTEX_WAKE_PRIVATE, 2147483647) = 0 <0.000005>
3890  1588545409.774572 futex(0x7fe698de365c, FUTEX_WAKE_PRIVATE, 2147483647) = 0 <0.000006>
3890  1588545409.774595 futex(0x7fe698de3650, FUTEX_WAKE_PRIVATE, 2147483647) = 0 <0.000005>
3890  1588545409.775345 brk(0x55bbbef99000) = 0x55bbbef99000 <0.000008>
3890  1588545409.775406 futex(0x7fe698de37fc, FUTEX_WAKE_PRIVATE, 2147483647) = 0 <0.000006>
3890  1588545409.775443 futex(0x7fe698de37b8, FUTEX_WAKE_PRIVATE, 2147483647) = 0 <0.000005>
3890  1588545409.775464 futex(0x7fe698de37b0, FUTEX_WAKE_PRIVATE, 2147483647) = 0 <0.000005>
3890  1588545409.775495 openat(AT_FDCWD, "/usr/lib/ssl/openssl.cnf", O_RDONLY) = 6 <0.000013>
3890  1588545409.775533 fstat(6, {st_mode=S_IFREG|0644, st_size=10998, ...}) = 0 <0.000007>
3890  1588545409.775561 read(6, "#\n# OpenSSL example configuratio"..., 4096) = 4096 <0.000008>
3890  1588545409.775650 read(6, "tableString, T61String (no BMPSt"..., 4096) = 4096 <0.000007>
3890  1588545409.775721 read(6, "eting an end user certificate as"..., 4096) = 2806 <0.000007>
3890  1588545409.775775 read(6, "", 4096) = 0 <0.000006>
3890  1588545409.775798 close(6)        = 0 <0.000007>
3890  1588545409.775901 openat(AT_FDCWD, "/etc/resolv.conf", O_RDONLY) = 6 <0.000014>
3890  1588545409.775936 fstat(6, {st_mode=S_IFREG|0644, st_size=715, ...}) = 0 <0.000007>
3890  1588545409.775961 read(6, "# This file is managed by man:sy"..., 4096) = 715 <0.000007>
3890  1588545409.778665 read(6, "", 4096) = 0 <0.000011>
3890  1588545409.778712 close(6)        = 0 <0.000008>
3890  1588545409.778754 getpid()        = 3890 <0.000006>
3890  1588545409.778775 getppid()       = 3888 <0.000005>
3890  1588545409.778814 openat(AT_FDCWD, "/home/megha/.digrc", O_RDONLY) = -1 ENOENT (No such file or directory) <0.000013>
3890  1588545409.778875 rt_sigaction(SIGHUP, {sa_handler=0x7fe69a360650, sa_mask=~[RTMIN RT_1], sa_flags=SA_RESTORER, sa_restorer=0x7fe69a10d890}, NULL, 8) = 0 <0.000006>
3890  1588545409.778904 rt_sigsuspend([], 8 <unfinished ...>
3893  1588545409.778931 set_robust_list(0x7fe6941d49e0, 24) = 0 <0.000006>
3893  1588545409.778954 epoll_wait(5,  <unfinished ...>
3892  1588545409.778974 set_robust_list(0x7fe6949d59e0, 24) = 0 <0.000006>
3892  1588545409.778995 futex(0x7fe69b1e00a0, FUTEX_WAIT_PRIVATE, 0, NULL <unfinished ...>
3891  1588545409.779016 set_robust_list(0x7fe6951d69e0, 24) = 0 <0.000005>
3891  1588545409.779054 mmap(NULL, 134217728, PROT_NONE, MAP_PRIVATE|MAP_ANONYMOUS|MAP_NORESERVE, -1, 0) = 0x7fe68b9d4000 <0.000010>
3891  1588545409.779080 munmap(0x7fe68b9d4000, 6471680) = 0 <0.000010>
3891  1588545409.779104 munmap(0x7fe690000000, 60637184) = 0 <0.000007>
3891  1588545409.779125 mprotect(0x7fe68c000000, 135168, PROT_READ|PROT_WRITE) = 0 <0.000007>
3891  1588545409.779163 futex(0x7fe69b015d80, FUTEX_WAKE_PRIVATE, 2147483647) = 0 <0.000006>
3891  1588545409.779200 getpid()        = 3890 <0.000006>
3891  1588545409.779221 futex(0x7fe69a596130, FUTEX_WAKE_PRIVATE, 2147483647) = 0 <0.000005>
3891  1588545409.779272 mprotect(0x7fe68c021000, 36864, PROT_READ|PROT_WRITE) = 0 <0.000008>
3891  1588545409.779339 futex(0x7fe69a595fec, FUTEX_WAKE_PRIVATE, 2147483647) = 0 <0.000006>
3891  1588545409.779370 mprotect(0x7fe68c02a000, 8192, PROT_READ|PROT_WRITE) = 0 <0.000007>
3891  1588545409.779398 futex(0x7fe69b1e00a0, FUTEX_WAKE_PRIVATE, 1) = 1 <0.000006>
3892  1588545409.779419 <... futex resumed> ) = 0 <0.000419>
3892  1588545409.779431 futex(0x7fe69b1e0028, FUTEX_WAIT_PRIVATE, 2, NULL <unfinished ...>
3891  1588545409.779443 futex(0x7fe69b1e0028, FUTEX_WAKE_PRIVATE, 1) = 1 <0.000007>
3892  1588545409.779463 <... futex resumed> ) = 0 <0.000028>
3892  1588545409.779474 futex(0x7fe69b1e0028, FUTEX_WAKE_PRIVATE, 1) = 0 <0.000006>
3892  1588545409.779494 futex(0x7fe69b1e00a4, FUTEX_WAIT_BITSET_PRIVATE|FUTEX_CLOCK_REALTIME, 0, {tv_sec=1588545414, tv_nsec=779365000}, 0xffffffff <unfinished ...>
3891  1588545409.779512 rt_sigprocmask(SIG_UNBLOCK, [INT TERM], NULL, 8) = 0 <0.000006>
3891  1588545409.779541 rt_sigprocmask(SIG_BLOCK, [INT TERM], NULL, 8) = 0 <0.000005>
3891  1588545409.779570 socket(AF_INET, SOCK_DGRAM, IPPROTO_UDP) = 6 <0.000015>
3891  1588545409.779602 setsockopt(6, SOL_IP, IP_TOS, [0], 4) = 0 <0.000008>
3891  1588545409.779628 setsockopt(6, SOL_IP, IP_RECVTOS, [1], 4) = 0 <0.000006>
3891  1588545409.779651 bind(6, {sa_family=AF_INET, sin_port=htons(0), sin_addr=inet_addr("127.0.0.1")}, 16) = 0 <0.000013>
3891  1588545409.779684 getsockname(6, {sa_family=AF_INET, sin_port=htons(37208), sin_addr=inet_addr("127.0.0.1")}, [128->16]) = 0 <0.000006>
3891  1588545409.779710 sendmsg(6, {msg_name={sa_family=AF_INET, sin_port=htons(37208), sin_addr=inet_addr("127.0.0.1")}, msg_namelen=16, msg_iov=[{iov_base="\0", iov_len=1}], msg_iovlen=1, msg_control=[{cmsg_len=17, cmsg_level=SOL_IP, cmsg_type=IP_TOS, cmsg_data=[0xb8]}], msg_controllen=24, msg_flags=0}, 0) = 1 <0.000031>
3891  1588545409.779798 fcntl(6, F_GETFL) = 0x2 (flags O_RDWR) <0.000006>
3891  1588545409.779820 fcntl(6, F_SETFL, O_RDWR|O_NONBLOCK) = 0 <0.000006>
3891  1588545409.779840 recvmsg(6, {msg_name={sa_family=AF_INET, sin_port=htons(37208), sin_addr=inet_addr("127.0.0.1")}, msg_namelen=128->16, msg_iov=[{iov_base="\0", iov_len=1}], msg_iovlen=1, msg_controllen=0, msg_flags=MSG_CTRUNC}, 0) = 1 <0.000009>
3891  1588545409.779874 close(6)        = 0 <0.000012>
3891  1588545409.779902 socket(AF_INET6, SOCK_DGRAM, IPPROTO_UDP) = 6 <0.000010>
3891  1588545409.779928 setsockopt(6, SOL_IPV6, IPV6_TCLASS, [0], 4) = 0 <0.000008>
3891  1588545409.779953 setsockopt(6, SOL_IPV6, IPV6_RECVTCLASS, [1], 4) = 0 <0.000006>
3891  1588545409.779976 bind(6, {sa_family=AF_INET6, sin6_port=htons(0), inet_pton(AF_INET6, "::1", &sin6_addr), sin6_flowinfo=htonl(0), sin6_scope_id=0}, 28) = 0 <0.000009>
3891  1588545409.780004 getsockname(6, {sa_family=AF_INET6, sin6_port=htons(47797), inet_pton(AF_INET6, "::1", &sin6_addr), sin6_flowinfo=htonl(0), sin6_scope_id=0}, [128->28]) = 0 <0.000006>
3891  1588545409.780030 sendmsg(6, {msg_name={sa_family=AF_INET6, sin6_port=htons(47797), inet_pton(AF_INET6, "::1", &sin6_addr), sin6_flowinfo=htonl(0), sin6_scope_id=0}, msg_namelen=28, msg_iov=[{iov_base="\0", iov_len=1}], msg_iovlen=1, msg_control=[{cmsg_len=20, cmsg_level=SOL_IPV6, cmsg_type=0x43}], msg_controllen=24, msg_flags=0}, 0) = 1 <0.000022>
3891  1588545409.780077 fcntl(6, F_GETFL) = 0x2 (flags O_RDWR) <0.000005>
3891  1588545409.780098 fcntl(6, F_SETFL, O_RDWR|O_NONBLOCK) = 0 <0.000006>
3891  1588545409.780117 recvmsg(6, {msg_name={sa_family=AF_INET6, sin6_port=htons(47797), inet_pton(AF_INET6, "::1", &sin6_addr), sin6_flowinfo=htonl(0), sin6_scope_id=0}, msg_namelen=128->28, msg_iov=[{iov_base="\0", iov_len=1}], msg_iovlen=1, msg_controllen=0, msg_flags=MSG_CTRUNC}, 0) = 1 <0.000008>
3891  1588545409.780150 close(6)        = 0 <0.000009>
3891  1588545409.780173 futex(0x7fe69a5969c8, FUTEX_WAKE_PRIVATE, 2147483647) = 0 <0.000005>
3891  1588545409.780194 socket(AF_INET, SOCK_DGRAM, IPPROTO_UDP) = 6 <0.000009>
3891  1588545409.780218 fcntl(6, F_DUPFD, 20) = 20 <0.000006>
3891  1588545409.780238 close(6)        = 0 <0.000005>
3891  1588545409.780257 fcntl(20, F_GETFL) = 0x2 (flags O_RDWR) <0.000006>
3891  1588545409.780277 fcntl(20, F_SETFL, O_RDWR|O_NONBLOCK) = 0 <0.000006>
3891  1588545409.780297 uname({sysname="Linux", nodename="megha-VirtualBox", ...}) = 0 <0.000006>
3891  1588545409.780321 futex(0x7fe69a596a28, FUTEX_WAKE_PRIVATE, 2147483647) = 0 <0.000006>
3891  1588545409.780341 setsockopt(20, SOL_SOCKET, SO_TIMESTAMP, [1], 4) = 0 <0.000027>
3891  1588545409.780387 setsockopt(20, SOL_IP, IP_MTU_DISCOVER, [5], 4) = 0 <0.000007>
3891  1588545409.780410 getsockopt(20, SOL_SOCKET, SO_RCVBUF, [212992], [4]) = 0 <0.000006>
3891  1588545409.780435 setsockopt(20, SOL_IP, IP_RECVTOS, [1], 4) = 0 <0.000006>
3891  1588545409.780460 bind(20, {sa_family=AF_INET, sin_port=htons(0), sin_addr=inet_addr("0.0.0.0")}, 16) = 0 <0.000008>
3891  1588545409.780487 recvmsg(20, {msg_namelen=128}, 0) = -1 EAGAIN (Resource temporarily unavailable) <0.000006>
3891  1588545409.780512 write(4, "\24\0\0\0\375\377\377\377", 8 <unfinished ...>
3893  1588545409.780532 <... epoll_wait resumed> [{EPOLLIN, {u32=3, u64=3}}], 64, -1) = 1 <0.001573>
3891  1588545409.780543 <... write resumed> ) = 8 <0.000025>
3893  1588545409.780554 read(3, "\24\0\0\0\375\377\377\377", 8) = 8 <0.000007>
3893  1588545409.780579 epoll_ctl(5, EPOLL_CTL_ADD, 20, {EPOLLIN, {u32=20, u64=20}}) = 0 <0.000008>
3893  1588545409.780603 read(3, 0x7fe6941d3de8, 8) = -1 EAGAIN (Resource temporarily unavailable) <0.000006>
3893  1588545409.780625 epoll_wait(5,  <unfinished ...>
3891  1588545409.780638 sendmsg(20, {msg_name={sa_family=AF_INET, sin_port=htons(53), sin_addr=inet_addr("127.0.0.53")}, msg_namelen=16, msg_iov=[{iov_base="G\241\1 \0\1\0\0\0\0\0\1\6google\3com\0\0\1\0\1\0\0)\20"..., iov_len=51}], msg_iovlen=1, msg_controllen=0, msg_flags=0}, 0) = 51 <0.000507>
3891  1588545409.781189 futex(0x7fe69b1de0c8, FUTEX_WAIT_PRIVATE, 0, NULL <unfinished ...>
3893  1588545409.822881 <... epoll_wait resumed> [{EPOLLIN, {u32=20, u64=20}}], 64, -1) = 1 <0.042240>
3893  1588545409.822958 futex(0x7fe69b1de0c8, FUTEX_WAKE_PRIVATE, 1) = 1 <0.000013>
3893  1588545409.822997 epoll_ctl(5, EPOLL_CTL_DEL, 20, 0x7fe6941d3dd8) = 0 <0.000011>
3893  1588545409.823032 epoll_wait(5,  <unfinished ...>
3891  1588545409.823050 <... futex resumed> ) = 0 <0.041849>
3891  1588545409.823068 futex(0x7fe69b1de028, FUTEX_WAKE_PRIVATE, 1) = 0 <0.000009>
3891  1588545409.823102 recvmsg(20, {msg_name={sa_family=AF_INET, sin_port=htons(53), sin_addr=inet_addr("127.0.0.53")}, msg_namelen=128->16, msg_iov=[{iov_base="G\241\201\200\0\1\0\1\0\0\0\1\6google\3com\0\0\1\0\1\300\f\0\1"..., iov_len=65535}], msg_iovlen=1, msg_control=[{cmsg_len=32, cmsg_level=SOL_SOCKET, cmsg_type=SCM_TIMESTAMP, cmsg_data={tv_sec=1588545409, tv_usec=822665}}, {cmsg_len=17, cmsg_level=SOL_IP, cmsg_type=IP_TOS, cmsg_data=[0]}], msg_controllen=56, msg_flags=0}, 0) = 55 <0.000014>
3891  1588545409.823204 fstat(1, {st_mode=S_IFCHR|0620, st_rdev=makedev(136, 2), ...}) = 0 <0.000011>
3891  1588545409.823320 mprotect(0x7fe68c02c000, 4096, PROT_READ|PROT_WRITE) = 0 <0.000012>
3891  1588545409.823364 write(1, "\n", 1) = 1 <0.000064>
3891  1588545409.823456 write(1, "; <<>> DiG 9.11.3-1ubuntu1.11-Ub"..., 53) = 53 <0.000059>
3891  1588545409.823542 write(1, ";; global options: +cmd\n", 24) = 24 <0.000055>
3891  1588545409.823625 mprotect(0x7fe68c02d000, 32768, PROT_READ|PROT_WRITE) = 0 <0.000009>
3891  1588545409.823670 write(1, ";; Got answer:\n", 15) = 15 <0.000057>
3891  1588545409.823758 write(1, ";; ->>HEADER<<- opcode: QUERY, s"..., 58) = 58 <0.000055>
3891  1588545409.823842 write(1, ";; flags: qr rd ra; QUERY: 1, AN"..., 69) = 69 <0.000129>
3891  1588545409.824026 write(1, "\n", 1) = 1 <0.000051>
3891  1588545409.824115 write(1, ";; OPT PSEUDOSECTION:\n; EDNS: ve"..., 158) = 158 <0.000651>
3891  1588545409.824811 write(1, ";; Query time: 42 msec\n", 23) = 23 <0.000073>
3891  1588545409.824921 write(1, ";; SERVER: 127.0.0.53#53(127.0.0"..., 37) = 37 <0.000071>
3891  1588545409.825032 openat(AT_FDCWD, "/etc/localtime", O_RDONLY|O_CLOEXEC) = 6 <0.000029>
3891  1588545409.825093 fstat(6, {st_mode=S_IFREG|0644, st_size=1675, ...}) = 0 <0.000009>
3891  1588545409.825131 fstat(6, {st_mode=S_IFREG|0644, st_size=1675, ...}) = 0 <0.000009>
3891  1588545409.825165 read(6, "TZif2\0\0\0\0\0\0\0\0\0\0\0\0\0\0\0\0\0\0\7\0\0\0\7\0\0\0\0"..., 4096) = 1675 <0.000017>
3891  1588545409.825210 lseek(6, -1052, SEEK_CUR) = 623 <0.000008>
3891  1588545409.825242 read(6, "TZif2\0\0\0\0\0\0\0\0\0\0\0\0\0\0\0\0\0\0\7\0\0\0\7\0\0\0\0"..., 4096) = 1052 <0.000009>
3891  1588545409.825278 close(6)        = 0 <0.000059>
3891  1588545409.825381 write(1, ";; WHEN: Sun May 03 18:36:49 EDT"..., 38) = 38 <0.000061>
3891  1588545409.825471 write(1, ";; MSG SIZE  rcvd: 55\n", 22) = 22 <0.000056>
3891  1588545409.825553 write(1, "\n", 1) = 1 <0.000037>
3891  1588545409.825625 futex(0x7fe69b1e00a4, FUTEX_WAKE_PRIVATE, 1 <unfinished ...>
3892  1588545409.825642 <... futex resumed> ) = 0 <0.046140>
3891  1588545409.825650 <... futex resumed> ) = 1 <0.000019>
3892  1588545409.825664 futex(0x7fe69b1e0028, FUTEX_WAIT_PRIVATE, 2, NULL <unfinished ...>
3891  1588545409.825680 futex(0x7fe69b1e0028, FUTEX_WAKE_PRIVATE, 1 <unfinished ...>
3892  1588545409.825693 <... futex resumed> ) = 0 <0.000024>
3891  1588545409.825701 <... futex resumed> ) = 1 <0.000016>
3892  1588545409.825714 futex(0x7fe69b1e0028, FUTEX_WAKE_PRIVATE, 1) = 0 <0.000007>
3892  1588545409.825737 futex(0x7fe69b1e00a0, FUTEX_WAIT_PRIVATE, 0, NULL <unfinished ...>
3891  1588545409.825753 write(4, "\24\0\0\0\373\377\377\377", 8 <unfinished ...>
3893  1588545409.825775 <... epoll_wait resumed> [{EPOLLIN, {u32=3, u64=3}}], 64, -1) = 1 <0.002738>
3891  1588545409.825787 <... write resumed> ) = 8 <0.000026>
3893  1588545409.825799 read(3, "\24\0\0\0\373\377\377\377", 8) = 8 <0.000008>
3893  1588545409.825827 epoll_ctl(5, EPOLL_CTL_DEL, 20, 0x7fe6941d3dd8) = -1 ENOENT (No such file or directory) <0.000007>
3893  1588545409.825869 epoll_ctl(5, EPOLL_CTL_DEL, 20, 0x7fe6941d3dd8) = -1 ENOENT (No such file or directory) <0.000006>
3893  1588545409.825893 close(20)       = 0 <0.000012>
3893  1588545409.825922 read(3, 0x7fe6941d3de8, 8) = -1 EAGAIN (Resource temporarily unavailable) <0.000007>
3893  1588545409.825947 epoll_wait(5,  <unfinished ...>
3891  1588545409.825977 getpid()        = 3890 <0.000007>
3891  1588545409.826002 tgkill(3890, 3890, SIGTERM <unfinished ...>
3890  1588545409.826020 <... rt_sigsuspend resumed> ) = ? ERESTARTNOHAND (To be restarted if no handler) <0.047109>
3891  1588545409.826028 <... tgkill resumed> ) = 0 <0.000020>
3890  1588545409.826040 --- SIGTERM {si_signo=SIGTERM, si_code=SI_TKILL, si_pid=3890, si_uid=1000} ---
3890  1588545409.826056 rt_sigreturn({mask=[HUP INT TERM]}) = -1 EINTR (Interrupted system call) <0.000007>
3890  1588545409.826090 futex(0x55bbbe62c8c0, FUTEX_WAIT_PRIVATE, 2, NULL <unfinished ...>
3891  1588545409.826106 futex(0x55bbbe62c8c0, FUTEX_WAKE_PRIVATE, 1 <unfinished ...>
3890  1588545409.826120 <... futex resumed> ) = 0 <0.000024>
3891  1588545409.826127 <... futex resumed> ) = 1 <0.000016>
3890  1588545409.826139 futex(0x55bbbe62c8c0, FUTEX_WAKE_PRIVATE, 1) = 0 <0.000006>
3890  1588545409.826164 futex(0x7fe6951d69d0, FUTEX_WAIT, 3891, NULL <unfinished ...>
3891  1588545409.826302 madvise(0x7fe6949d6000, 8368128, MADV_DONTNEED) = 0 <0.000014>
3891  1588545409.826338 exit(0)         = ?
3890  1588545409.826365 <... futex resumed> ) = 0 <0.000195>
3890  1588545409.826426 write(4, "\0\0\0\0\377\377\377\377", 8) = 8 <0.000012>
3893  1588545409.826456 <... epoll_wait resumed> [{EPOLLIN, {u32=3, u64=3}}], 64, -1) = 1 <0.000505>
3890  1588545409.826474 futex(0x7fe6941d49d0, FUTEX_WAIT, 3893, NULL <unfinished ...>
3893  1588545409.826483 read(3, "\0\0\0\0\377\377\377\377", 8) = 8 <0.000009>
3893  1588545409.826513 madvise(0x7fe6939d4000, 8368128, MADV_DONTNEED) = 0 <0.000008>
3893  1588545409.826538 exit(0)         = ?
3890  1588545409.826571 <... futex resumed> ) = 0 <0.000091>
3893  1588545409.826590 +++ exited with 0 +++
3890  1588545409.826602 epoll_ctl(5, EPOLL_CTL_DEL, 3, 0x7ffdd691df14) = 0 <0.000007>
3890  1588545409.826626 close(5)        = 0 <0.000009>
3890  1588545409.826652 close(3)        = 0 <0.000006>
3890  1588545409.826673 close(4)        = 0 <0.000009>
3890  1588545409.826715 futex(0x7fe69b1e00a0, FUTEX_WAKE_PRIVATE, 1) = 1 <0.000008>
3890  1588545409.826739 futex(0x7fe6949d59d0, FUTEX_WAIT, 3892, NULL <unfinished ...>
3892  1588545409.826750 <... futex resumed> ) = 0 <0.001008>
3892  1588545409.826763 futex(0x7fe69b1e0028, FUTEX_WAKE_PRIVATE, 1) = 0 <0.000006>
3892  1588545409.826786 madvise(0x7fe6941d5000, 8368128, MADV_DONTNEED) = 0 <0.000009>
3892  1588545409.826812 exit(0)         = ?
3890  1588545409.826838 <... futex resumed> ) = 0 <0.000094>
3890  1588545409.826864 futex(0x7fe698de3948, FUTEX_WAKE_PRIVATE, 2147483647) = 0 <0.000006>
3890  1588545409.826887 fstat(0, {st_mode=S_IFCHR|0620, st_rdev=makedev(136, 2), ...}) = 0 <0.000006>
3890  1588545409.826914 fstat(0, {st_mode=S_IFCHR|0620, st_rdev=makedev(136, 2), ...}) = 0 <0.000005>
3890  1588545409.826937 fstat(0, {st_mode=S_IFCHR|0620, st_rdev=makedev(136, 2), ...}) = 0 <0.000006>
3890  1588545409.827126 munmap(0x7fe69b1d9000, 266240 <unfinished ...>
3892  1588545409.827140 +++ exited with 0 +++
3890  1588545409.827175 <... munmap resumed> ) = 0 <0.000042>
3890  1588545409.827279 exit_group(0)   = ?
3891  1588545409.827792 +++ exited with 0 +++
3890  1588545409.827806 +++ exited with 0 +++
